0 info it worked if it ends with ok
1 verbose cli [ 'C:\\Program Files\\nodejs\\node.exe',
1 verbose cli   'C:\\Users\\IT8000\\AppData\\Roaming\\npm\\node_modules\\cnpm\\node_modules\\npm\\bin\\npm-cli.js',
1 verbose cli   '--userconfig=C:\\Users\\IT8000\\.cnpmrc',
1 verbose cli   '--disturl=https://npm.taobao.org/mirrors/node',
1 verbose cli   '--registry=https://registry.npm.taobao.org',
1 verbose cli   'run',
1 verbose cli   'dev' ]
2 info using npm@3.10.10
3 info using node@v8.9.3
4 verbose run-script [ 'predev', 'dev', 'postdev' ]
5 info lifecycle dgd-supervision@1.0.0~predev: dgd-supervision@1.0.0
6 silly lifecycle dgd-supervision@1.0.0~predev: no script for predev, continuing
7 info lifecycle dgd-supervision@1.0.0~dev: dgd-supervision@1.0.0
8 verbose lifecycle dgd-supervision@1.0.0~dev: unsafe-perm in lifecycle true
9 verbose lifecycle dgd-supervision@1.0.0~dev: PATH: C:\Users\IT8000\AppData\Roaming\npm\node_modules\cnpm\node_modules\npm\bin\node-gyp-bin;D:\tencent\code\jxm\supervision-h5\node_modules\.bin;C:\Program Files\Broadcom\Broadcom 802.11;C:\Python27\Lib\site-packages\PyQt4;C:\windows\system32;C:\windows;C:\windows\System32\Wbem;C:\windows\System32\WindowsPowerShell\v1.0\;C:\Program Files\WIDCOMM\Bluetooth Software\;C:\Program Files\WIDCOMM\Bluetooth Software\syswow64;C:\Program Files\TortoiseSVN\bin;C:\Python27;C:\Python27\DLLs;C:\Python27\Scripts;C:\Python27\Lib\site-packages\vtk;C:\Python27\gnuplot\binary;C:\Python27\Lib\site-packages\osgeo;C:\Program Files (x86)\pythonxy\SciTE-3.3.2-3;C:\Program Files (x86)\pythonxy\console;C:\MinGW32-xy\bin;C:\Program Files (x86)\pythonxy\swig;C:\Program Files (x86)\pythonxy\gettext\bin;C:\wamp\bin\mysql\mysql5.6.17\bin;C:\Program Files\nodejs\;C:\Program Files\Git\cmd;C:\Users\IT8000\AppData\Local\atom\bin;D:\mysql\mysql-5.7.19-winx64\bin;C:\Users\IT8000\AppData\Roaming\npm
10 verbose lifecycle dgd-supervision@1.0.0~dev: CWD: D:\tencent\code\jxm\supervision-h5
11 silly lifecycle dgd-supervision@1.0.0~dev: Args: [ '/d /s /c',
11 silly lifecycle   'webpack-dev-server --inline --progress --config build/webpack.dev.conf.js' ]
12 silly lifecycle dgd-supervision@1.0.0~dev: Returned: code: 1  signal: null
13 info lifecycle dgd-supervision@1.0.0~dev: Failed to exec dev script
14 verbose stack Error: dgd-supervision@1.0.0 dev: `webpack-dev-server --inline --progress --config build/webpack.dev.conf.js`
14 verbose stack Exit status 1
14 verbose stack     at EventEmitter.<anonymous> (C:\Users\IT8000\AppData\Roaming\npm\node_modules\cnpm\node_modules\npm\lib\utils\lifecycle.js:255:16)
14 verbose stack     at emitTwo (events.js:126:13)
14 verbose stack     at EventEmitter.emit (events.js:214:7)
14 verbose stack     at ChildProcess.<anonymous> (C:\Users\IT8000\AppData\Roaming\npm\node_modules\cnpm\node_modules\npm\lib\utils\spawn.js:40:14)
14 verbose stack     at emitTwo (events.js:126:13)
14 verbose stack     at ChildProcess.emit (events.js:214:7)
14 verbose stack     at maybeClose (internal/child_process.js:925:16)
14 verbose stack     at Process.ChildProcess._handle.onexit (internal/child_process.js:209:5)
15 verbose pkgid dgd-supervision@1.0.0
16 verbose cwd D:\tencent\code\jxm\supervision-h5
17 error Windows_NT 6.1.7601
18 error argv "C:\\Program Files\\nodejs\\node.exe" "C:\\Users\\IT8000\\AppData\\Roaming\\npm\\node_modules\\cnpm\\node_modules\\npm\\bin\\npm-cli.js" "--userconfig=C:\\Users\\IT8000\\.cnpmrc" "--disturl=https://npm.taobao.org/mirrors/node" "--registry=https://registry.npm.taobao.org" "run" "dev"
19 error node v8.9.3
20 error npm  v3.10.10
21 error code ELIFECYCLE
22 error dgd-supervision@1.0.0 dev: `webpack-dev-server --inline --progress --config build/webpack.dev.conf.js`
22 error Exit status 1
23 error Failed at the dgd-supervision@1.0.0 dev script 'webpack-dev-server --inline --progress --config build/webpack.dev.conf.js'.
23 error Make sure you have the latest version of node.js and npm installed.
23 error If you do, this is most likely a problem with the dgd-supervision package,
23 error not with npm itself.
23 error Tell the author that this fails on your system:
23 error     webpack-dev-server --inline --progress --config build/webpack.dev.conf.js
23 error You can get information on how to open an issue for this project with:
23 error     npm bugs dgd-supervision
23 error Or if that isn't available, you can get their info via:
23 error     npm owner ls dgd-supervision
23 error There is likely additional logging output above.
24 verbose exit [ 1, true ]
